<?xml version="1.0" encoding="UTF-8"?>
<!-- Generated by org.testng.reporters.JUnitReportReporter -->
<testsuite hostname="VMSPODCD00054" failures="0" tests="2" name="com.example.tests.FirstSeleniumTestNGTest" time="9.331" errors="0" timestamp="20 Jan 2020 11:37:37 GMT" skipped="0">
  <testcase classname="com.example.tests.FirstSeleniumTestNGTest" name="test" time="1.968"/>
  <testcase classname="com.example.tests.FirstSeleniumTestNGTest" name="testFacebook" time="7.363"/>
</testsuite> <!-- com.example.tests.FirstSeleniumTestNGTest -->
