<?xml version="1.0" encoding="UTF-8"?>
<!-- Generated by org.testng.reporters.JUnitReportReporter -->
<testsuite hostname="LAPTOP-MLDU4TCT" failures="0" tests="1" name="com.example.tests.GoogleSearch" time="2.704" errors="0" timestamp="05 Dec 2019 19:16:59 GMT" skipped="0">
  <testcase classname="com.example.tests.GoogleSearch" name="testGoogleSearch" time="2.704"/>
</testsuite> <!-- com.example.tests.GoogleSearch -->
