<?xml version="1.0" encoding="UTF-8"?>
<!-- Generated by org.testng.reporters.JUnitReportReporter -->
<testsuite hostname="VMSPODCD00054" failures="0" tests="2" name="FirstSeleniumJUnitTest" time="7.832" errors="0" timestamp="20 Jan 2020 10:18:11 GMT" skipped="0">
  <testcase classname="FirstSeleniumJUnitTest" name="testFacebook" time="6.396"/>
  <testcase classname="FirstSeleniumJUnitTest" name="test" time="1.436"/>
</testsuite> <!-- FirstSeleniumJUnitTest -->
