<?xml version="1.0" encoding="UTF-8"?>
<!-- Generated by org.testng.reporters.JUnitReportReporter -->
<testsuite hostname="LAPTOP-MLDU4TCT" failures="0" tests="1" name="com.example.tests.FacebookLogin" time="17.867" errors="0" timestamp="24 Dec 2019 10:34:59 GMT" skipped="0">
  <testcase classname="com.example.tests.FacebookLogin" name="testFacebookLogin" time="17.867"/>
</testsuite> <!-- com.example.tests.FacebookLogin -->
