<?xml version="1.0" encoding="UTF-8"?>
<!-- Generated by org.testng.reporters.JUnitReportReporter -->
<testsuite hostname="VMSPODCD00054" failures="0" tests="1" name="com.example.tests.FacebookLogin" time="10.934" errors="0" timestamp="20 Jan 2020 08:27:07 GMT" skipped="0">
  <testcase classname="com.example.tests.FacebookLogin" name="testFacebookLogin" time="10.934"/>
</testsuite> <!-- com.example.tests.FacebookLogin -->
