<?xml version="1.0" encoding="UTF-8"?>
<!-- Generated by org.testng.reporters.JUnitReportReporter -->
<testsuite hostname="VMSPODCD00054" failures="0" tests="1" name="com.example.tests.GoogleSearch" time="4.963" errors="0" timestamp="20 Jan 2020 11:37:37 GMT" skipped="0">
  <testcase classname="com.example.tests.GoogleSearch" name="testGoogleSearch" time="4.963"/>
</testsuite> <!-- com.example.tests.GoogleSearch -->
